2019-04-29 18:08:33,436-INFO-logger.py-case-日志信息:info
2019-04-29 18:08:33,436-ERROR-logger.py-case-日志信息:error
2019-04-29 18:08:33,436-INFO-logger.py-case-日志信息:over
2019-04-29 18:19:35,089-INFO-testcase_login.py-testcase_login-日志信息:准备测试前置
2019-04-29 18:19:35,344-INFO-testcase_login.py-testcase_login-日志信息:测试后置处理
2019-04-29 18:19:35,345-INFO-testcase_login.py-testcase_login-日志信息:准备测试前置
2019-04-29 18:19:35,471-INFO-testcase_login.py-testcase_login-日志信息:测试后置处理
2019-04-29 18:19:35,472-INFO-testcase_login.py-testcase_login-日志信息:准备测试前置
2019-04-29 18:19:35,606-INFO-testcase_login.py-testcase_login-日志信息:测试后置处理
2019-04-29 18:19:35,607-INFO-testcase_login.py-testcase_login-日志信息:准备测试前置
2019-04-29 18:19:35,740-INFO-testcase_login.py-testcase_login-日志信息:测试后置处理
2019-04-29 18:19:35,741-INFO-testcase_login.py-testcase_login-日志信息:准备测试前置
2019-04-29 18:19:35,870-INFO-testcase_login.py-testcase_login-日志信息:测试后置处理
2019-04-29 18:23:29,804-INFO-testcase_login.py-testcase_login-日志信息:准备测试前置
2019-04-29 18:23:29,940-INFO-testcase_login.py-testcase_login-日志信息:测试后置处理
2019-04-29 18:23:29,940-INFO-testcase_login.py-testcase_login-日志信息:准备测试前置
2019-04-29 18:23:30,071-INFO-testcase_login.py-testcase_login-日志信息:测试后置处理
2019-04-29 18:23:30,072-INFO-testcase_login.py-testcase_login-日志信息:准备测试前置
2019-04-29 18:23:30,190-INFO-testcase_login.py-testcase_login-日志信息:测试后置处理
2019-04-29 18:23:30,191-INFO-testcase_login.py-testcase_login-日志信息:准备测试前置
2019-04-29 18:23:30,319-INFO-testcase_login.py-testcase_login-日志信息:测试后置处理
2019-04-29 18:23:30,320-INFO-testcase_login.py-testcase_login-日志信息:准备测试前置
2019-04-29 18:23:30,462-INFO-testcase_login.py-testcase_login-日志信息:测试后置处理
2019-04-29 18:24:29,964-INFO-testcase_login.py-testcase_login-日志信息:准备测试前置
2019-04-29 18:24:30,086-INFO-testcase_login.py-testcase_login-日志信息:结束测试登录成功get
2019-04-29 18:24:30,086-INFO-testcase_login.py-testcase_login-日志信息:测试后置处理
2019-04-29 18:24:30,087-INFO-testcase_login.py-testcase_login-日志信息:准备测试前置
2019-04-29 18:24:30,199-INFO-testcase_login.py-testcase_login-日志信息:结束测试登录成功post
2019-04-29 18:24:30,200-INFO-testcase_login.py-testcase_login-日志信息:测试后置处理
2019-04-29 18:24:30,200-INFO-testcase_login.py-testcase_login-日志信息:准备测试前置
2019-04-29 18:24:30,312-INFO-testcase_login.py-testcase_login-日志信息:结束测试手机号为空
2019-04-29 18:24:30,312-INFO-testcase_login.py-testcase_login-日志信息:测试后置处理
2019-04-29 18:24:30,312-INFO-testcase_login.py-testcase_login-日志信息:准备测试前置
2019-04-29 18:24:30,419-INFO-testcase_login.py-testcase_login-日志信息:结束测试密码为空
2019-04-29 18:24:30,420-INFO-testcase_login.py-testcase_login-日志信息:测试后置处理
2019-04-29 18:24:30,420-INFO-testcase_login.py-testcase_login-日志信息:准备测试前置
2019-04-29 18:24:30,532-INFO-testcase_login.py-testcase_login-日志信息:结束测试密码错误
2019-04-29 18:24:30,532-INFO-testcase_login.py-testcase_login-日志信息:测试后置处理
2019-04-29 18:25:57,411-INFO-testcase_login.py-testcase_login-日志信息:准备测试前置
2019-04-29 18:25:57,523-INFO-testcase_login.py-testcase_login-日志信息:结束测试登录成功get
2019-04-29 18:25:57,523-INFO-testcase_login.py-testcase_login-日志信息:测试后置处理
2019-04-29 18:25:57,524-INFO-testcase_login.py-testcase_login-日志信息:准备测试前置
2019-04-29 18:25:57,638-INFO-testcase_login.py-testcase_login-日志信息:结束测试登录成功post
2019-04-29 18:25:57,638-INFO-testcase_login.py-testcase_login-日志信息:测试后置处理
2019-04-29 18:25:57,639-INFO-testcase_login.py-testcase_login-日志信息:准备测试前置
2019-04-29 18:25:57,746-INFO-testcase_login.py-testcase_login-日志信息:结束测试手机号为空
2019-04-29 18:25:57,746-INFO-testcase_login.py-testcase_login-日志信息:测试后置处理
2019-04-29 18:25:57,747-INFO-testcase_login.py-testcase_login-日志信息:准备测试前置
2019-04-29 18:25:57,850-INFO-testcase_login.py-testcase_login-日志信息:结束测试密码为空
2019-04-29 18:25:57,851-INFO-testcase_login.py-testcase_login-日志信息:测试后置处理
2019-04-29 18:25:57,851-INFO-testcase_login.py-testcase_login-日志信息:准备测试前置
2019-04-29 18:25:57,955-INFO-testcase_login.py-testcase_login-日志信息:结束测试密码错误
2019-04-29 18:25:57,955-INFO-testcase_login.py-testcase_login-日志信息:测试后置处理
2019-04-29 18:27:19,520-INFO-testcase_login.py-testcase_login-日志信息:准备测试前置
2019-04-29 18:27:19,520-INFO-testcase_login.py-testcase_login-日志信息:开始测试:登录成功get
2019-04-29 18:27:19,639-INFO-testcase_login.py-testcase_login-日志信息:结束测试登录成功get
2019-04-29 18:27:19,639-INFO-testcase_login.py-testcase_login-日志信息:测试后置处理
2019-04-29 18:27:19,640-INFO-testcase_login.py-testcase_login-日志信息:准备测试前置
2019-04-29 18:27:19,640-INFO-testcase_login.py-testcase_login-日志信息:开始测试:登录成功post
2019-04-29 18:27:19,745-INFO-testcase_login.py-testcase_login-日志信息:结束测试登录成功post
2019-04-29 18:27:19,745-INFO-testcase_login.py-testcase_login-日志信息:测试后置处理
2019-04-29 18:27:19,746-INFO-testcase_login.py-testcase_login-日志信息:准备测试前置
2019-04-29 18:27:19,746-INFO-testcase_login.py-testcase_login-日志信息:开始测试:手机号为空
2019-04-29 18:27:19,852-INFO-testcase_login.py-testcase_login-日志信息:结束测试手机号为空
2019-04-29 18:27:19,852-INFO-testcase_login.py-testcase_login-日志信息:测试后置处理
2019-04-29 18:27:19,853-INFO-testcase_login.py-testcase_login-日志信息:准备测试前置
2019-04-29 18:27:19,853-INFO-testcase_login.py-testcase_login-日志信息:开始测试:密码为空
2019-04-29 18:27:19,968-INFO-testcase_login.py-testcase_login-日志信息:结束测试密码为空
2019-04-29 18:27:19,968-INFO-testcase_login.py-testcase_login-日志信息:测试后置处理
2019-04-29 18:27:19,968-INFO-testcase_login.py-testcase_login-日志信息:准备测试前置
2019-04-29 18:27:19,969-INFO-testcase_login.py-testcase_login-日志信息:开始测试:密码错误
2019-04-29 18:27:20,077-INFO-testcase_login.py-testcase_login-日志信息:结束测试密码错误
2019-04-29 18:27:20,077-INFO-testcase_login.py-testcase_login-日志信息:测试后置处理
2019-04-29 18:49:21,412-INFO-testcase_login.py-testcases.testcase_login-日志信息:准备测试前置
2019-04-29 18:49:21,412-INFO-testcase_login.py-testcases.testcase_login-日志信息:开始测试:登录成功get
2019-04-29 18:49:21,519-INFO-testcase_login.py-testcases.testcase_login-日志信息:结束测试登录成功get
2019-04-29 18:49:21,519-INFO-testcase_login.py-testcases.testcase_login-日志信息:测试后置处理
2019-04-29 18:49:21,519-INFO-testcase_login.py-testcases.testcase_login-日志信息:准备测试前置
2019-04-29 18:49:21,520-INFO-testcase_login.py-testcases.testcase_login-日志信息:开始测试:登录成功post
2019-04-29 18:49:21,624-INFO-testcase_login.py-testcases.testcase_login-日志信息:结束测试登录成功post
2019-04-29 18:49:21,624-INFO-testcase_login.py-testcases.testcase_login-日志信息:测试后置处理
2019-04-29 18:49:21,624-INFO-testcase_login.py-testcases.testcase_login-日志信息:准备测试前置
2019-04-29 18:49:21,624-INFO-testcase_login.py-testcases.testcase_login-日志信息:开始测试:手机号为空
2019-04-29 18:49:21,735-INFO-testcase_login.py-testcases.testcase_login-日志信息:结束测试手机号为空
2019-04-29 18:49:21,735-INFO-testcase_login.py-testcases.testcase_login-日志信息:测试后置处理
2019-04-29 18:49:21,735-INFO-testcase_login.py-testcases.testcase_login-日志信息:准备测试前置
2019-04-29 18:49:21,735-INFO-testcase_login.py-testcases.testcase_login-日志信息:开始测试:密码为空
2019-04-29 18:49:21,843-INFO-testcase_login.py-testcases.testcase_login-日志信息:结束测试密码为空
2019-04-29 18:49:21,844-INFO-testcase_login.py-testcases.testcase_login-日志信息:测试后置处理
2019-04-29 18:49:21,844-INFO-testcase_login.py-testcases.testcase_login-日志信息:准备测试前置
2019-04-29 18:49:21,844-INFO-testcase_login.py-testcases.testcase_login-日志信息:开始测试:密码错误
2019-04-29 18:49:21,951-INFO-testcase_login.py-testcases.testcase_login-日志信息:结束测试密码错误
2019-04-29 18:49:21,952-INFO-testcase_login.py-testcases.testcase_login-日志信息:测试后置处理
2019-04-29 18:52:58,078-INFO-testcase_login.py-testcases.testcase_login-日志信息:准备测试前置
2019-04-29 18:52:58,078-INFO-testcase_login.py-testcases.testcase_login-日志信息:开始测试:登录成功get
2019-04-29 18:52:58,186-INFO-testcase_login.py-testcases.testcase_login-日志信息:结束测试登录成功get
2019-04-29 18:52:58,186-INFO-testcase_login.py-testcases.testcase_login-日志信息:测试后置处理
2019-04-29 18:52:58,186-INFO-testcase_login.py-testcases.testcase_login-日志信息:准备测试前置
2019-04-29 18:52:58,186-INFO-testcase_login.py-testcases.testcase_login-日志信息:开始测试:登录成功post
2019-04-29 18:52:58,290-INFO-testcase_login.py-testcases.testcase_login-日志信息:结束测试登录成功post
2019-04-29 18:52:58,290-INFO-testcase_login.py-testcases.testcase_login-日志信息:测试后置处理
2019-04-29 18:52:58,290-INFO-testcase_login.py-testcases.testcase_login-日志信息:准备测试前置
2019-04-29 18:52:58,290-INFO-testcase_login.py-testcases.testcase_login-日志信息:开始测试:手机号为空
2019-04-29 18:52:58,394-INFO-testcase_login.py-testcases.testcase_login-日志信息:结束测试手机号为空
2019-04-29 18:52:58,394-INFO-testcase_login.py-testcases.testcase_login-日志信息:测试后置处理
2019-04-29 18:52:58,395-INFO-testcase_login.py-testcases.testcase_login-日志信息:准备测试前置
2019-04-29 18:52:58,395-INFO-testcase_login.py-testcases.testcase_login-日志信息:开始测试:密码为空
2019-04-29 18:52:58,507-INFO-testcase_login.py-testcases.testcase_login-日志信息:结束测试密码为空
2019-04-29 18:52:58,507-INFO-testcase_login.py-testcases.testcase_login-日志信息:测试后置处理
2019-04-29 18:52:58,508-INFO-testcase_login.py-testcases.testcase_login-日志信息:准备测试前置
2019-04-29 18:52:58,508-INFO-testcase_login.py-testcases.testcase_login-日志信息:开始测试:密码错误
2019-04-29 18:52:58,617-INFO-testcase_login.py-testcases.testcase_login-日志信息:结束测试密码错误
2019-04-29 18:52:58,617-INFO-testcase_login.py-testcases.testcase_login-日志信息:测试后置处理
2019-04-29 18:57:03,210-INFO-testcase_login.py-testcase_login-日志信息:准备测试前置
2019-04-29 18:57:03,210-INFO-testcase_login.py-testcase_login-日志信息:开始测试:登录成功get
2019-04-29 18:57:03,319-INFO-testcase_login.py-testcase_login-日志信息:结束测试登录成功get
2019-04-29 18:57:03,319-INFO-testcase_login.py-testcase_login-日志信息:测试后置处理
2019-04-29 18:57:03,319-INFO-testcase_login.py-testcase_login-日志信息:准备测试前置
2019-04-29 18:57:03,320-INFO-testcase_login.py-testcase_login-日志信息:开始测试:登录成功post
2019-04-29 18:57:03,438-INFO-testcase_login.py-testcase_login-日志信息:结束测试登录成功post
2019-04-29 18:57:03,438-INFO-testcase_login.py-testcase_login-日志信息:测试后置处理
2019-04-29 18:57:03,439-INFO-testcase_login.py-testcase_login-日志信息:准备测试前置
2019-04-29 18:57:03,439-INFO-testcase_login.py-testcase_login-日志信息:开始测试:手机号为空
2019-04-29 18:57:03,549-INFO-testcase_login.py-testcase_login-日志信息:结束测试手机号为空
2019-04-29 18:57:03,549-INFO-testcase_login.py-testcase_login-日志信息:测试后置处理
2019-04-29 18:57:03,549-INFO-testcase_login.py-testcase_login-日志信息:准备测试前置
2019-04-29 18:57:03,549-INFO-testcase_login.py-testcase_login-日志信息:开始测试:密码为空
2019-04-29 18:57:03,660-INFO-testcase_login.py-testcase_login-日志信息:结束测试密码为空
2019-04-29 18:57:03,660-INFO-testcase_login.py-testcase_login-日志信息:测试后置处理
2019-04-29 18:57:03,660-INFO-testcase_login.py-testcase_login-日志信息:准备测试前置
2019-04-29 18:57:03,660-INFO-testcase_login.py-testcase_login-日志信息:开始测试:密码错误
2019-04-29 18:57:03,770-INFO-testcase_login.py-testcase_login-日志信息:结束测试密码错误
2019-04-29 18:57:03,771-INFO-testcase_login.py-testcase_login-日志信息:测试后置处理
2019-05-06 15:12:23,693-INFO-testcase_login.py-testcase_login-日志信息:准备测试前置
2019-05-06 15:12:23,702-INFO-testcase_login.py-testcase_login-日志信息:开始测试:登录成功get
2019-05-06 15:12:23,819-ERROR-testcase_login.py-testcase_login-日志信息:报错了'{"status":0,"code":"20111","data":null,"msg":"用户名或密码错误"}' != '{"status":1,"code":"10001","data":null,"msg":"登录成功"}'
- {"status":0,"code":"20111","data":null,"msg":"用户名或密码错误"}
?           ^         ^ ^^                      ^^^^^^^^
+ {"status":1,"code":"10001","data":null,"msg":"登录成功"}
?           ^         ^ ^^                      ^^^^

2019-05-06 15:12:23,819-INFO-testcase_login.py-testcase_login-日志信息:测试后置处理
2019-05-06 15:12:23,820-INFO-testcase_login.py-testcase_login-日志信息:准备测试前置
2019-05-06 15:12:23,820-INFO-testcase_login.py-testcase_login-日志信息:开始测试:登录成功post
2019-05-06 15:12:23,938-ERROR-testcase_login.py-testcase_login-日志信息:报错了'{"status":0,"code":"20111","data":null,"msg":"用户名或密码错误"}' != '{"status":1,"code":"10001","data":null,"msg":"登录成功"}'
- {"status":0,"code":"20111","data":null,"msg":"用户名或密码错误"}
?           ^         ^ ^^                      ^^^^^^^^
+ {"status":1,"code":"10001","data":null,"msg":"登录成功"}
?           ^         ^ ^^                      ^^^^

2019-05-06 15:12:23,938-INFO-testcase_login.py-testcase_login-日志信息:测试后置处理
2019-05-06 15:12:23,939-INFO-testcase_login.py-testcase_login-日志信息:准备测试前置
2019-05-06 15:12:23,939-INFO-testcase_login.py-testcase_login-日志信息:开始测试:手机号为空
2019-05-06 15:12:24,052-INFO-testcase_login.py-testcase_login-日志信息:结束测试手机号为空
2019-05-06 15:12:24,052-INFO-testcase_login.py-testcase_login-日志信息:测试后置处理
2019-05-06 15:12:24,052-INFO-testcase_login.py-testcase_login-日志信息:准备测试前置
2019-05-06 15:12:24,052-INFO-testcase_login.py-testcase_login-日志信息:开始测试:密码为空
2019-05-06 15:12:24,165-INFO-testcase_login.py-testcase_login-日志信息:结束测试密码为空
2019-05-06 15:12:24,165-INFO-testcase_login.py-testcase_login-日志信息:测试后置处理
2019-05-06 15:12:24,165-INFO-testcase_login.py-testcase_login-日志信息:准备测试前置
2019-05-06 15:12:24,165-INFO-testcase_login.py-testcase_login-日志信息:开始测试:密码错误
2019-05-06 15:12:24,280-INFO-testcase_login.py-testcase_login-日志信息:结束测试密码错误
2019-05-06 15:12:24,281-INFO-testcase_login.py-testcase_login-日志信息:测试后置处理
2019-05-06 16:41:29,610-INFO-testcase_login.py-testcase_login-日志信息:准备测试前置
2019-05-06 16:41:29,610-INFO-testcase_login.py-testcase_login-日志信息:开始测试:登录成功get
2019-05-06 16:41:29,752-INFO-testcase_login.py-testcase_login-日志信息:结束测试登录成功get
2019-05-06 16:41:29,766-INFO-testcase_login.py-testcase_login-日志信息:测试后置处理
2019-05-06 16:41:29,767-INFO-testcase_login.py-testcase_login-日志信息:准备测试前置
2019-05-06 16:41:29,767-INFO-testcase_login.py-testcase_login-日志信息:开始测试:登录成功post
2019-05-06 16:41:29,885-INFO-testcase_login.py-testcase_login-日志信息:结束测试登录成功post
2019-05-06 16:41:29,885-INFO-testcase_login.py-testcase_login-日志信息:测试后置处理
2019-05-06 16:41:29,885-INFO-testcase_login.py-testcase_login-日志信息:准备测试前置
2019-05-06 16:41:29,885-INFO-testcase_login.py-testcase_login-日志信息:开始测试:手机号为空
2019-05-06 16:41:30,021-INFO-testcase_login.py-testcase_login-日志信息:结束测试手机号为空
2019-05-06 16:41:30,021-INFO-testcase_login.py-testcase_login-日志信息:测试后置处理
2019-05-06 16:41:30,021-INFO-testcase_login.py-testcase_login-日志信息:准备测试前置
2019-05-06 16:41:30,021-INFO-testcase_login.py-testcase_login-日志信息:开始测试:密码为空
2019-05-06 16:41:30,127-INFO-testcase_login.py-testcase_login-日志信息:结束测试密码为空
2019-05-06 16:41:30,127-INFO-testcase_login.py-testcase_login-日志信息:测试后置处理
2019-05-06 16:41:30,127-INFO-testcase_login.py-testcase_login-日志信息:准备测试前置
2019-05-06 16:41:30,128-INFO-testcase_login.py-testcase_login-日志信息:开始测试:密码错误
2019-05-06 16:41:30,244-INFO-testcase_login.py-testcase_login-日志信息:结束测试密码错误
2019-05-06 16:41:30,244-INFO-testcase_login.py-testcase_login-日志信息:测试后置处理
2019-05-06 16:47:24,180-INFO-testcase_login.py-testcase_login-日志信息:准备测试前置
2019-05-06 16:47:24,180-INFO-testcase_login.py-testcase_login-日志信息:开始测试:登录成功get
2019-05-06 16:47:24,287-INFO-testcase_login.py-testcase_login-日志信息:结束测试登录成功get
2019-05-06 16:47:24,287-INFO-testcase_login.py-testcase_login-日志信息:测试后置处理
2019-05-06 16:47:24,292-INFO-testcase_login.py-testcase_login-日志信息:准备测试前置
2019-05-06 16:47:24,292-INFO-testcase_login.py-testcase_login-日志信息:开始测试:登录成功post
2019-05-06 16:47:24,406-INFO-testcase_login.py-testcase_login-日志信息:结束测试登录成功post
2019-05-06 16:47:24,407-INFO-testcase_login.py-testcase_login-日志信息:测试后置处理
2019-05-06 16:47:24,411-INFO-testcase_login.py-testcase_login-日志信息:准备测试前置
2019-05-06 16:47:24,412-INFO-testcase_login.py-testcase_login-日志信息:开始测试:手机号为空
2019-05-06 16:47:24,519-INFO-testcase_login.py-testcase_login-日志信息:结束测试手机号为空
2019-05-06 16:47:24,519-INFO-testcase_login.py-testcase_login-日志信息:测试后置处理
2019-05-06 16:47:24,527-INFO-testcase_login.py-testcase_login-日志信息:准备测试前置
2019-05-06 16:47:24,527-INFO-testcase_login.py-testcase_login-日志信息:开始测试:密码为空
2019-05-06 16:47:24,635-INFO-testcase_login.py-testcase_login-日志信息:结束测试密码为空
2019-05-06 16:47:24,636-INFO-testcase_login.py-testcase_login-日志信息:测试后置处理
2019-05-06 16:47:24,642-INFO-testcase_login.py-testcase_login-日志信息:准备测试前置
2019-05-06 16:47:24,643-INFO-testcase_login.py-testcase_login-日志信息:开始测试:密码错误
2019-05-06 16:47:24,752-INFO-testcase_login.py-testcase_login-日志信息:结束测试密码错误
2019-05-06 16:47:24,752-INFO-testcase_login.py-testcase_login-日志信息:测试后置处理
